<?xml version="1.0" encoding="UTF-8"?>
<!-- Generated by org.testng.reporters.JUnitXMLReporter -->
<testsuite ignored="0" hostname="Amulya" failures="2" tests="4" name="Surefire test" time="19.345" errors="0" timestamp="2023-01-19T18:17:42 IST">
  <testcase classname="io.cucumber.testng.AbstractTestNGCucumberTests" name="runScenario" time="6.19">
    <failure type="java.lang.AssertionError" message="expected [No data] but found [Beetroot]">
      <![CDATA[java.lang.AssertionError: expected [No data] but found [Beetroot]
at stepDefinitions.OffersPageStepDefinitions.validate_this_product_name_in_offers_page_matches_with_Landing_page(OffersPageStepDefinitions.java:63)
at ✽.Validate this product name in offers page matches with Landing page(file:///C:/Users/bsamu/EclipseCucumber/CucumberAutomation/src/test/java/features/searchProduct.feature:8)
... Removed 6 stack frames]]>
    </failure>
  </testcase> <!-- runScenario -->
  <testcase classname="io.cucumber.testng.AbstractTestNGCucumberTests" name="runScenario" time="11.321"/>
  <testcase classname="io.cucumber.testng.AbstractTestNGCucumberTests" name="runScenario" time="11.649">
    <failure type="java.lang.AssertionError" message="expected [No data] but found [Beetroot]">
      <![CDATA[java.lang.AssertionError: expected [No data] but found [Beetroot]
at stepDefinitions.OffersPageStepDefinitions.validate_this_product_name_in_offers_page_matches_with_Landing_page(OffersPageStepDefinitions.java:63)
at ✽.Validate this product name in offers page matches with Landing page(file:///C:/Users/bsamu/EclipseCucumber/CucumberAutomation/src/test/java/features/searchProduct.feature:8)
... Removed 6 stack frames]]>
    </failure>
  </testcase> <!-- runScenario -->
  <testcase classname="io.cucumber.testng.AbstractTestNGCucumberTests" name="runScenario" time="11.85"/>
</testsuite> <!-- Surefire test -->
