<?xml version="1.0" encoding="UTF-8"?>
<testng-results ignored="0" total="3" passed="3" failed="0" skipped="0">
  <reporter-output>
  </reporter-output>
  <suite started-at="2023-01-20T10:40:52 IST" name="Default suite" finished-at="2023-01-20T10:41:07 IST" duration-ms="14977">
    <groups>
      <group name="cucumber">
        <method signature="AbstractTestNGCucumberTests.runScenario(io.cucumber.testng.PickleWrapper,io.cucumber.testng.FeatureWrapper)[pri:0, instance:cucumberOptns.TestNGTestRunner@15888343]" name="runScenario" class="io.cucumber.testng.AbstractTestNGCucumberTests"/>
      </group> <!-- cucumber -->
    </groups>
    <test started-at="2023-01-20T10:40:52 IST" name="Default test" finished-at="2023-01-20T10:41:07 IST" duration-ms="14977">
      <class name="cucumberOptns.TestNGTestRunner">
        <test-method is-config="true" signature="setUpClass(org.testng.ITestContext)[pri:0, instance:cucumberOptns.TestNGTestRunner@15888343]" started-at="2023-01-20T10:40:52 IST" name="setUpClass" finished-at="2023-01-20T10:40:53 IST" duration-ms="894" status="PASS">
          <params>
            <param index="0">
              <value>
                <![CDATA[org.testng.TestRunner@4867ab9f]]>
              </value>
            </param>
          </params>
          <reporter-output>
          </reporter-output>
        </test-method> <!-- setUpClass -->
        <test-method signature="runScenario(io.cucumber.testng.PickleWrapper,io.cucumber.testng.FeatureWrapper)[pri:0, instance:cucumberOptns.TestNGTestRunner@15888343]" started-at="2023-01-20T10:40:53 IST" name="runScenario" description="Runs Cucumber Scenarios" data-provider="scenarios" finished-at="2023-01-20T10:41:07 IST" duration-ms="13445" status="PASS">
          <params>
            <param index="0">
              <value>
                <![CDATA["search for the product"]]>
              </value>
            </param>
            <param index="1">
              <value>
                <![CDATA["Search and place the order for Products"]]>
              </value>
            </param>
          </params>
          <reporter-output>
          </reporter-output>
        </test-method> <!-- runScenario -->
        <test-method signature="runScenario(io.cucumber.testng.PickleWrapper,io.cucumber.testng.FeatureWrapper)[pri:0, instance:cucumberOptns.TestNGTestRunner@15888343]" started-at="2023-01-20T10:40:53 IST" name="runScenario" description="Runs Cucumber Scenarios" data-provider="scenarios" finished-at="2023-01-20T10:41:07 IST" duration-ms="13505" status="PASS">
          <params>
            <param index="0">
              <value>
                <![CDATA["search for the product"]]>
              </value>
            </param>
            <param index="1">
              <value>
                <![CDATA["Search and place the order for Products"]]>
              </value>
            </param>
          </params>
          <reporter-output>
          </reporter-output>
        </test-method> <!-- runScenario -->
        <test-method signature="runScenario(io.cucumber.testng.PickleWrapper,io.cucumber.testng.FeatureWrapper)[pri:0, instance:cucumberOptns.TestNGTestRunner@15888343]" started-at="2023-01-20T10:40:53 IST" name="runScenario" description="Runs Cucumber Scenarios" data-provider="scenarios" finished-at="2023-01-20T10:41:07 IST" duration-ms="13490" status="PASS">
          <params>
            <param index="0">
              <value>
                <![CDATA["Order the parameterized product and validate"]]>
              </value>
            </param>
            <param index="1">
              <value>
                <![CDATA["Order Product"]]>
              </value>
            </param>
          </params>
          <reporter-output>
          </reporter-output>
        </test-method> <!-- runScenario -->
        <test-method is-config="true" signature="tearDownClass()[pri:0, instance:cucumberOptns.TestNGTestRunner@15888343]" started-at="2023-01-20T10:41:07 IST" name="tearDownClass" finished-at="2023-01-20T10:41:07 IST" duration-ms="518" status="PASS">
          <reporter-output>
          </reporter-output>
        </test-method> <!-- tearDownClass -->
      </class> <!-- cucumberOptns.TestNGTestRunner -->
    </test> <!-- Default test -->
  </suite> <!-- Default suite -->
</testng-results>
