<?xml version="1.0" encoding="UTF-8"?>
<!-- Generated by org.testng.reporters.JUnitReportReporter -->
<testsuite hostname="Amulya" failures="1" tests="3" name="cucumberOptns.TestNGTestRunner" time="52.790" errors="0" timestamp="2023-01-20T08:53:11 IST" skipped="0">
  <testcase classname="cucumberOptns.TestNGTestRunner" name="runScenario" time="17.465">
    <failure message="expected [No data] but found [Beetroot]" type="java.lang.AssertionError">
      <![CDATA[java.lang.AssertionError: expected [No data] but found [Beetroot]
at org.testng.Assert.fail(Assert.java:110)
at org.testng.Assert.failNotEquals(Assert.java:1577)
at org.testng.Assert.assertEqualsImpl(Assert.java:149)
at org.testng.Assert.assertEquals(Assert.java:131)
at org.testng.Assert.assertEquals(Assert.java:655)
at org.testng.Assert.assertEquals(Assert.java:665)
at stepDefinitions.OffersPageStepDefinitions.validate_this_product_name_in_offers_page_matches_with_Landing_page(OffersPageStepDefinitions.java:63)
at ✽.Validate this product name in offers page matches with Landing page(file:///C:/Users/bsamu/EclipseCucumber/CucumberAutomation/src/test/java/features/searchProduct.feature:8)
]]>
    </failure>
  </testcase> <!-- runScenario -->
  <system-out/>
  <testcase classname="cucumberOptns.TestNGTestRunner" name="runScenario" time="17.663"/>
  <system-out/>
  <testcase classname="cucumberOptns.TestNGTestRunner" name="runScenario" time="17.662"/>
  <system-out/>
</testsuite> <!-- cucumberOptns.TestNGTestRunner -->
